2014-12-01 21:17:30,143 - Starting Apache Velocity v1.6.4 (compiled: 2010-04-27 15:31:23)
2014-12-01 21:17:30,143 - Default Properties File: org/apache/velocity/runtime/defaults/velocity.properties
2014-12-01 21:17:30,143 - Trying to use logger class org.apache.velocity.runtime.log.AvalonLogChute
2014-12-01 21:17:30,143 - Target log system for org.apache.velocity.runtime.log.AvalonLogChute is not available (java.lang.NoClassDefFoundError: org/apache/log/format/Formatter).  Falling back to next log system...
2014-12-01 21:17:30,143 - Trying to use logger class org.apache.velocity.runtime.log.Log4JLogChute
2014-12-01 21:17:30,143 - Using logger class org.apache.velocity.runtime.log.Log4JLogChute
2014-12-01 21:17:30,144 - ResourceLoader instantiated: org.apache.velocity.runtime.resource.loader.FileResourceLoader
2014-12-01 21:17:30,144 - Do unicode file recognition:  false
2014-12-01 21:17:30,144 - FileResourceLoader : adding path '/Users/herve/Projects/tch-rails2/tch-rails-core/target/test-classes'
2014-12-01 21:17:30,144 - ResourceCache: initialized (class org.apache.velocity.runtime.resource.ResourceCacheImpl) with class java.util.Collections$SynchronizedMap cache map.
2014-12-01 21:17:30,145 - Loaded System Directive: org.apache.velocity.runtime.directive.Define
2014-12-01 21:17:30,145 - Loaded System Directive: org.apache.velocity.runtime.directive.Break
2014-12-01 21:17:30,145 - Loaded System Directive: org.apache.velocity.runtime.directive.Evaluate
2014-12-01 21:17:30,145 - Loaded System Directive: org.apache.velocity.runtime.directive.Literal
2014-12-01 21:17:30,145 - Loaded System Directive: org.apache.velocity.runtime.directive.Macro
2014-12-01 21:17:30,145 - Loaded System Directive: org.apache.velocity.runtime.directive.Parse
2014-12-01 21:17:30,145 - Loaded System Directive: org.apache.velocity.runtime.directive.Include
2014-12-01 21:17:30,145 - Loaded System Directive: org.apache.velocity.runtime.directive.Foreach
2014-12-01 21:17:30,146 - Velocity was not initialized! Calling init()...
2014-12-01 21:17:30,146 - Velocity was not initialized! Calling init()...
2014-12-01 21:17:30,146 - Velocity was not initialized! Calling init()...
2014-12-01 21:17:30,156 - Velocity was not initialized! Calling init()...
2014-12-01 21:17:30,156 - Velocity was not initialized! Calling init()...
2014-12-01 21:17:30,156 - Velocity was not initialized! Calling init()...
2014-12-01 21:17:30,157 - Velocity was not initialized! Calling init()...
2014-12-01 21:17:30,157 - Velocity was not initialized! Calling init()...
2014-12-01 21:17:30,161 - Velocity was not initialized! Calling init()...
2014-12-01 21:17:30,161 - Velocity was not initialized! Calling init()...
2014-12-01 21:17:30,162 - Velocity was not initialized! Calling init()...
2014-12-01 21:17:30,162 - Velocity was not initialized! Calling init()...
2014-12-01 21:17:30,162 - Velocity was not initialized! Calling init()...
2014-12-01 21:17:30,162 - Velocity was not initialized! Calling init()...
2014-12-01 21:17:30,162 - Velocity was not initialized! Calling init()...
2014-12-01 21:17:30,162 - Velocity was not initialized! Calling init()...
2014-12-01 21:17:30,163 - Velocity was not initialized! Calling init()...
2014-12-01 21:17:30,163 - Velocity was not initialized! Calling init()...
2014-12-01 21:17:30,163 - Velocity was not initialized! Calling init()...
2014-12-01 21:17:30,163 - Velocity was not initialized! Calling init()...
2014-12-01 21:17:30,163 - Created '20' parsers.
2014-12-01 21:17:30,179 - Velocimacro : "velocimacro.library" is not set.  Trying default library: VM_global_library.vm
2014-12-01 21:17:30,179 - Velocity was not initialized! Calling init()...
2014-12-01 21:17:30,179 - Velocimacro : Default library not found.
2014-12-01 21:17:30,179 - Velocimacro : allowInline = true : VMs can be defined inline in templates
2014-12-01 21:17:30,180 - Velocimacro : allowInlineToOverride = false : VMs defined inline may NOT replace previous VM definitions
2014-12-01 21:17:30,180 - Velocimacro : allowInlineLocal = false : VMs defined inline will be global in scope if allowed.
2014-12-01 21:17:30,180 - Velocimacro : autoload off : VM system will not automatically reload global library macros
2014-12-01 21:17:30,180 - ResourceManager : found /view/test/hello.vm with loader org.apache.velocity.runtime.resource.loader.FileResourceLoader
2015-04-08 15:57:35,132 - Log4JLogChute initialized using file 'velocity.log'
2015-04-08 15:57:35,201 - Starting Apache Velocity v1.6.4 (compiled: 2010-04-27 15:31:23)
2015-04-08 15:57:35,203 - Default Properties File: org/apache/velocity/runtime/defaults/velocity.properties
2015-04-08 15:57:35,203 - Trying to use logger class org.apache.velocity.runtime.log.AvalonLogChute
2015-04-08 15:57:35,203 - Target log system for org.apache.velocity.runtime.log.AvalonLogChute is not available (java.lang.NoClassDefFoundError: org/apache/log/format/Formatter).  Falling back to next log system...
2015-04-08 15:57:35,203 - Trying to use logger class org.apache.velocity.runtime.log.Log4JLogChute
2015-04-08 15:57:35,203 - Using logger class org.apache.velocity.runtime.log.Log4JLogChute
2015-04-08 15:57:35,297 - ResourceLoader instantiated: org.apache.velocity.runtime.resource.loader.FileResourceLoader
2015-04-08 15:57:35,299 - Do unicode file recognition:  false
2015-04-08 15:57:35,299 - FileResourceLoader : adding path '/Users/herve/Projects/tch-rails2/tch-rails-core/target/test-classes'
2015-04-08 15:57:35,436 - ResourceCache: initialized (class org.apache.velocity.runtime.resource.ResourceCacheImpl) with class java.util.Collections$SynchronizedMap cache map.
2015-04-08 15:57:35,443 - Loaded System Directive: org.apache.velocity.runtime.directive.Define
2015-04-08 15:57:35,444 - Loaded System Directive: org.apache.velocity.runtime.directive.Break
2015-04-08 15:57:35,465 - Loaded System Directive: org.apache.velocity.runtime.directive.Evaluate
2015-04-08 15:57:35,472 - Loaded System Directive: org.apache.velocity.runtime.directive.Literal
2015-04-08 15:57:35,473 - Loaded System Directive: org.apache.velocity.runtime.directive.Macro
2015-04-08 15:57:35,493 - Loaded System Directive: org.apache.velocity.runtime.directive.Parse
2015-04-08 15:57:35,495 - Loaded System Directive: org.apache.velocity.runtime.directive.Include
2015-04-08 15:57:35,496 - Loaded System Directive: org.apache.velocity.runtime.directive.Foreach
2015-04-08 15:57:35,510 - Velocity was not initialized! Calling init()...
2015-04-08 15:57:35,702 - Velocity was not initialized! Calling init()...
2015-04-08 15:57:35,702 - Velocity was not initialized! Calling init()...
2015-04-08 15:57:35,703 - Velocity was not initialized! Calling init()...
2015-04-08 15:57:35,703 - Velocity was not initialized! Calling init()...
2015-04-08 15:57:35,703 - Velocity was not initialized! Calling init()...
2015-04-08 15:57:35,703 - Velocity was not initialized! Calling init()...
2015-04-08 15:57:35,703 - Velocity was not initialized! Calling init()...
2015-04-08 15:57:35,704 - Velocity was not initialized! Calling init()...
2015-04-08 15:57:35,704 - Velocity was not initialized! Calling init()...
2015-04-08 15:57:35,704 - Velocity was not initialized! Calling init()...
2015-04-08 15:57:35,738 - Velocity was not initialized! Calling init()...
2015-04-08 15:57:35,738 - Velocity was not initialized! Calling init()...
2015-04-08 15:57:35,738 - Velocity was not initialized! Calling init()...
2015-04-08 15:57:35,740 - Velocity was not initialized! Calling init()...
2015-04-08 15:57:35,740 - Velocity was not initialized! Calling init()...
2015-04-08 15:57:35,740 - Velocity was not initialized! Calling init()...
2015-04-08 15:57:35,741 - Velocity was not initialized! Calling init()...
2015-04-08 15:57:35,741 - Velocity was not initialized! Calling init()...
2015-04-08 15:57:35,742 - Velocity was not initialized! Calling init()...
2015-04-08 15:57:35,742 - Created '20' parsers.
2015-04-08 15:57:35,756 - Velocimacro : "velocimacro.library" is not set.  Trying default library: VM_global_library.vm
2015-04-08 15:57:35,756 - Velocity was not initialized! Calling init()...
2015-04-08 15:57:35,757 - Velocimacro : Default library not found.
2015-04-08 15:57:35,757 - Velocimacro : allowInline = true : VMs can be defined inline in templates
2015-04-08 15:57:35,757 - Velocimacro : allowInlineToOverride = false : VMs defined inline may NOT replace previous VM definitions
2015-04-08 15:57:35,757 - Velocimacro : allowInlineLocal = false : VMs defined inline will be global in scope if allowed.
2015-04-08 15:57:35,757 - Velocimacro : autoload off : VM system will not automatically reload global library macros
2015-04-08 15:57:35,762 - Log4JLogChute initialized using file 'velocity.log'
2015-04-08 15:57:35,762 - Log4JLogChute initialized using file 'velocity.log'
2015-04-08 15:57:35,763 - Starting Apache Velocity v1.6.4 (compiled: 2010-04-27 15:31:23)
2015-04-08 15:57:35,763 - Starting Apache Velocity v1.6.4 (compiled: 2010-04-27 15:31:23)
2015-04-08 15:57:35,763 - Default Properties File: org/apache/velocity/runtime/defaults/velocity.properties
2015-04-08 15:57:35,763 - Default Properties File: org/apache/velocity/runtime/defaults/velocity.properties
2015-04-08 15:57:35,763 - Trying to use logger class org.apache.velocity.runtime.log.AvalonLogChute
2015-04-08 15:57:35,763 - Trying to use logger class org.apache.velocity.runtime.log.AvalonLogChute
2015-04-08 15:57:35,763 - Target log system for org.apache.velocity.runtime.log.AvalonLogChute is not available (java.lang.NoClassDefFoundError: org/apache/log/format/Formatter).  Falling back to next log system...
2015-04-08 15:57:35,763 - Target log system for org.apache.velocity.runtime.log.AvalonLogChute is not available (java.lang.NoClassDefFoundError: org/apache/log/format/Formatter).  Falling back to next log system...
2015-04-08 15:57:35,764 - Trying to use logger class org.apache.velocity.runtime.log.Log4JLogChute
2015-04-08 15:57:35,764 - Trying to use logger class org.apache.velocity.runtime.log.Log4JLogChute
2015-04-08 15:57:35,764 - Using logger class org.apache.velocity.runtime.log.Log4JLogChute
2015-04-08 15:57:35,764 - Using logger class org.apache.velocity.runtime.log.Log4JLogChute
2015-04-08 15:57:35,764 - ResourceLoader instantiated: org.apache.velocity.runtime.resource.loader.FileResourceLoader
2015-04-08 15:57:35,764 - ResourceLoader instantiated: org.apache.velocity.runtime.resource.loader.FileResourceLoader
2015-04-08 15:57:35,764 - Do unicode file recognition:  false
2015-04-08 15:57:35,764 - Do unicode file recognition:  false
2015-04-08 15:57:35,764 - FileResourceLoader : adding path '/Users/herve/Projects/tch-rails2/tch-rails-core/target/test-classes'
2015-04-08 15:57:35,764 - FileResourceLoader : adding path '/Users/herve/Projects/tch-rails2/tch-rails-core/target/test-classes'
2015-04-08 15:57:35,764 - ResourceCache: initialized (class org.apache.velocity.runtime.resource.ResourceCacheImpl) with class java.util.Collections$SynchronizedMap cache map.
2015-04-08 15:57:35,764 - ResourceCache: initialized (class org.apache.velocity.runtime.resource.ResourceCacheImpl) with class java.util.Collections$SynchronizedMap cache map.
2015-04-08 15:57:35,765 - Loaded System Directive: org.apache.velocity.runtime.directive.Define
2015-04-08 15:57:35,765 - Loaded System Directive: org.apache.velocity.runtime.directive.Define
2015-04-08 15:57:35,765 - Loaded System Directive: org.apache.velocity.runtime.directive.Break
2015-04-08 15:57:35,765 - Loaded System Directive: org.apache.velocity.runtime.directive.Break
2015-04-08 15:57:35,765 - Loaded System Directive: org.apache.velocity.runtime.directive.Evaluate
2015-04-08 15:57:35,765 - Loaded System Directive: org.apache.velocity.runtime.directive.Evaluate
2015-04-08 15:57:35,765 - Loaded System Directive: org.apache.velocity.runtime.directive.Literal
2015-04-08 15:57:35,765 - Loaded System Directive: org.apache.velocity.runtime.directive.Literal
2015-04-08 15:57:35,765 - Loaded System Directive: org.apache.velocity.runtime.directive.Macro
2015-04-08 15:57:35,765 - Loaded System Directive: org.apache.velocity.runtime.directive.Macro
2015-04-08 15:57:35,766 - Loaded System Directive: org.apache.velocity.runtime.directive.Parse
2015-04-08 15:57:35,766 - Loaded System Directive: org.apache.velocity.runtime.directive.Parse
2015-04-08 15:57:35,766 - Loaded System Directive: org.apache.velocity.runtime.directive.Include
2015-04-08 15:57:35,766 - Loaded System Directive: org.apache.velocity.runtime.directive.Include
2015-04-08 15:57:35,766 - Loaded System Directive: org.apache.velocity.runtime.directive.Foreach
2015-04-08 15:57:35,766 - Loaded System Directive: org.apache.velocity.runtime.directive.Foreach
2015-04-08 15:57:35,766 - Velocity was not initialized! Calling init()...
2015-04-08 15:57:35,766 - Velocity was not initialized! Calling init()...
2015-04-08 15:57:35,766 - Velocity was not initialized! Calling init()...
2015-04-08 15:57:35,766 - Velocity was not initialized! Calling init()...
2015-04-08 15:57:35,769 - Velocity was not initialized! Calling init()...
2015-04-08 15:57:35,769 - Velocity was not initialized! Calling init()...
2015-04-08 15:57:35,769 - Velocity was not initialized! Calling init()...
2015-04-08 15:57:35,769 - Velocity was not initialized! Calling init()...
2015-04-08 15:57:35,769 - Velocity was not initialized! Calling init()...
2015-04-08 15:57:35,769 - Velocity was not initialized! Calling init()...
2015-04-08 15:57:35,769 - Velocity was not initialized! Calling init()...
2015-04-08 15:57:35,769 - Velocity was not initialized! Calling init()...
2015-04-08 15:57:35,769 - Velocity was not initialized! Calling init()...
2015-04-08 15:57:35,769 - Velocity was not initialized! Calling init()...
2015-04-08 15:57:35,770 - Velocity was not initialized! Calling init()...
2015-04-08 15:57:35,770 - Velocity was not initialized! Calling init()...
2015-04-08 15:57:35,771 - Velocity was not initialized! Calling init()...
2015-04-08 15:57:35,771 - Velocity was not initialized! Calling init()...
2015-04-08 15:57:35,772 - Velocity was not initialized! Calling init()...
2015-04-08 15:57:35,772 - Velocity was not initialized! Calling init()...
2015-04-08 15:57:35,772 - Velocity was not initialized! Calling init()...
2015-04-08 15:57:35,772 - Velocity was not initialized! Calling init()...
2015-04-08 15:57:35,772 - Velocity was not initialized! Calling init()...
2015-04-08 15:57:35,772 - Velocity was not initialized! Calling init()...
2015-04-08 15:57:35,772 - Velocity was not initialized! Calling init()...
2015-04-08 15:57:35,772 - Velocity was not initialized! Calling init()...
2015-04-08 15:57:35,772 - Velocity was not initialized! Calling init()...
2015-04-08 15:57:35,772 - Velocity was not initialized! Calling init()...
2015-04-08 15:57:35,778 - Velocity was not initialized! Calling init()...
2015-04-08 15:57:35,778 - Velocity was not initialized! Calling init()...
2015-04-08 15:57:35,780 - Velocity was not initialized! Calling init()...
2015-04-08 15:57:35,780 - Velocity was not initialized! Calling init()...
2015-04-08 15:57:35,790 - Velocity was not initialized! Calling init()...
2015-04-08 15:57:35,790 - Velocity was not initialized! Calling init()...
2015-04-08 15:57:35,790 - Velocity was not initialized! Calling init()...
2015-04-08 15:57:35,790 - Velocity was not initialized! Calling init()...
2015-04-08 15:57:35,790 - Velocity was not initialized! Calling init()...
2015-04-08 15:57:35,790 - Velocity was not initialized! Calling init()...
2015-04-08 15:57:35,791 - Velocity was not initialized! Calling init()...
2015-04-08 15:57:35,791 - Velocity was not initialized! Calling init()...
2015-04-08 15:57:35,791 - Created '20' parsers.
2015-04-08 15:57:35,791 - Created '20' parsers.
2015-04-08 15:57:35,791 - Velocimacro : "velocimacro.library" is not set.  Trying default library: VM_global_library.vm
2015-04-08 15:57:35,791 - Velocimacro : "velocimacro.library" is not set.  Trying default library: VM_global_library.vm
2015-04-08 15:57:35,793 - Velocity was not initialized! Calling init()...
2015-04-08 15:57:35,793 - Velocity was not initialized! Calling init()...
2015-04-08 15:57:35,793 - Velocimacro : Default library not found.
2015-04-08 15:57:35,793 - Velocimacro : Default library not found.
2015-04-08 15:57:35,793 - Velocimacro : allowInline = true : VMs can be defined inline in templates
2015-04-08 15:57:35,793 - Velocimacro : allowInline = true : VMs can be defined inline in templates
2015-04-08 15:57:35,793 - Velocimacro : allowInlineToOverride = false : VMs defined inline may NOT replace previous VM definitions
2015-04-08 15:57:35,793 - Velocimacro : allowInlineToOverride = false : VMs defined inline may NOT replace previous VM definitions
2015-04-08 15:57:35,793 - Velocimacro : allowInlineLocal = false : VMs defined inline will be global in scope if allowed.
2015-04-08 15:57:35,793 - Velocimacro : allowInlineLocal = false : VMs defined inline will be global in scope if allowed.
2015-04-08 15:57:35,793 - Velocimacro : autoload off : VM system will not automatically reload global library macros
2015-04-08 15:57:35,793 - Velocimacro : autoload off : VM system will not automatically reload global library macros
2015-04-08 15:57:35,803 - Log4JLogChute initialized using file 'velocity.log'
2015-04-08 15:57:35,803 - Log4JLogChute initialized using file 'velocity.log'
2015-04-08 15:57:35,803 - Log4JLogChute initialized using file 'velocity.log'
2015-04-08 15:57:35,803 - Starting Apache Velocity v1.6.4 (compiled: 2010-04-27 15:31:23)
2015-04-08 15:57:35,803 - Starting Apache Velocity v1.6.4 (compiled: 2010-04-27 15:31:23)
2015-04-08 15:57:35,803 - Starting Apache Velocity v1.6.4 (compiled: 2010-04-27 15:31:23)
2015-04-08 15:57:35,803 - Default Properties File: org/apache/velocity/runtime/defaults/velocity.properties
2015-04-08 15:57:35,803 - Default Properties File: org/apache/velocity/runtime/defaults/velocity.properties
2015-04-08 15:57:35,803 - Default Properties File: org/apache/velocity/runtime/defaults/velocity.properties
2015-04-08 15:57:35,803 - Trying to use logger class org.apache.velocity.runtime.log.AvalonLogChute
2015-04-08 15:57:35,803 - Trying to use logger class org.apache.velocity.runtime.log.AvalonLogChute
2015-04-08 15:57:35,803 - Trying to use logger class org.apache.velocity.runtime.log.AvalonLogChute
2015-04-08 15:57:35,803 - Target log system for org.apache.velocity.runtime.log.AvalonLogChute is not available (java.lang.NoClassDefFoundError: org/apache/log/format/Formatter).  Falling back to next log system...
2015-04-08 15:57:35,803 - Target log system for org.apache.velocity.runtime.log.AvalonLogChute is not available (java.lang.NoClassDefFoundError: org/apache/log/format/Formatter).  Falling back to next log system...
2015-04-08 15:57:35,803 - Target log system for org.apache.velocity.runtime.log.AvalonLogChute is not available (java.lang.NoClassDefFoundError: org/apache/log/format/Formatter).  Falling back to next log system...
2015-04-08 15:57:35,803 - Trying to use logger class org.apache.velocity.runtime.log.Log4JLogChute
2015-04-08 15:57:35,803 - Trying to use logger class org.apache.velocity.runtime.log.Log4JLogChute
2015-04-08 15:57:35,803 - Trying to use logger class org.apache.velocity.runtime.log.Log4JLogChute
2015-04-08 15:57:35,803 - Using logger class org.apache.velocity.runtime.log.Log4JLogChute
2015-04-08 15:57:35,803 - Using logger class org.apache.velocity.runtime.log.Log4JLogChute
2015-04-08 15:57:35,803 - Using logger class org.apache.velocity.runtime.log.Log4JLogChute
2015-04-08 15:57:35,803 - ResourceLoader instantiated: org.apache.velocity.runtime.resource.loader.FileResourceLoader
2015-04-08 15:57:35,803 - ResourceLoader instantiated: org.apache.velocity.runtime.resource.loader.FileResourceLoader
2015-04-08 15:57:35,803 - ResourceLoader instantiated: org.apache.velocity.runtime.resource.loader.FileResourceLoader
2015-04-08 15:57:35,803 - Do unicode file recognition:  false
2015-04-08 15:57:35,803 - Do unicode file recognition:  false
2015-04-08 15:57:35,803 - Do unicode file recognition:  false
2015-04-08 15:57:35,804 - FileResourceLoader : adding path '/Users/herve/Projects/tch-rails2/tch-rails-core/target/test-classes'
2015-04-08 15:57:35,804 - FileResourceLoader : adding path '/Users/herve/Projects/tch-rails2/tch-rails-core/target/test-classes'
2015-04-08 15:57:35,804 - FileResourceLoader : adding path '/Users/herve/Projects/tch-rails2/tch-rails-core/target/test-classes'
2015-04-08 15:57:35,804 - ResourceCache: initialized (class org.apache.velocity.runtime.resource.ResourceCacheImpl) with class java.util.Collections$SynchronizedMap cache map.
2015-04-08 15:57:35,804 - ResourceCache: initialized (class org.apache.velocity.runtime.resource.ResourceCacheImpl) with class java.util.Collections$SynchronizedMap cache map.
2015-04-08 15:57:35,804 - ResourceCache: initialized (class org.apache.velocity.runtime.resource.ResourceCacheImpl) with class java.util.Collections$SynchronizedMap cache map.
2015-04-08 15:57:35,804 - Loaded System Directive: org.apache.velocity.runtime.directive.Define
2015-04-08 15:57:35,804 - Loaded System Directive: org.apache.velocity.runtime.directive.Define
2015-04-08 15:57:35,804 - Loaded System Directive: org.apache.velocity.runtime.directive.Define
2015-04-08 15:57:35,805 - Loaded System Directive: org.apache.velocity.runtime.directive.Break
2015-04-08 15:57:35,805 - Loaded System Directive: org.apache.velocity.runtime.directive.Break
2015-04-08 15:57:35,805 - Loaded System Directive: org.apache.velocity.runtime.directive.Break
2015-04-08 15:57:35,805 - Loaded System Directive: org.apache.velocity.runtime.directive.Evaluate
2015-04-08 15:57:35,805 - Loaded System Directive: org.apache.velocity.runtime.directive.Evaluate
2015-04-08 15:57:35,805 - Loaded System Directive: org.apache.velocity.runtime.directive.Evaluate
2015-04-08 15:57:35,805 - Loaded System Directive: org.apache.velocity.runtime.directive.Literal
2015-04-08 15:57:35,805 - Loaded System Directive: org.apache.velocity.runtime.directive.Literal
2015-04-08 15:57:35,805 - Loaded System Directive: org.apache.velocity.runtime.directive.Literal
2015-04-08 15:57:35,805 - Loaded System Directive: org.apache.velocity.runtime.directive.Macro
2015-04-08 15:57:35,805 - Loaded System Directive: org.apache.velocity.runtime.directive.Macro
2015-04-08 15:57:35,805 - Loaded System Directive: org.apache.velocity.runtime.directive.Macro
2015-04-08 15:57:35,805 - Loaded System Directive: org.apache.velocity.runtime.directive.Parse
2015-04-08 15:57:35,805 - Loaded System Directive: org.apache.velocity.runtime.directive.Parse
2015-04-08 15:57:35,805 - Loaded System Directive: org.apache.velocity.runtime.directive.Parse
2015-04-08 15:57:35,807 - Loaded System Directive: org.apache.velocity.runtime.directive.Include
2015-04-08 15:57:35,807 - Loaded System Directive: org.apache.velocity.runtime.directive.Include
2015-04-08 15:57:35,807 - Loaded System Directive: org.apache.velocity.runtime.directive.Include
2015-04-08 15:57:35,807 - Loaded System Directive: org.apache.velocity.runtime.directive.Foreach
2015-04-08 15:57:35,807 - Loaded System Directive: org.apache.velocity.runtime.directive.Foreach
2015-04-08 15:57:35,807 - Loaded System Directive: org.apache.velocity.runtime.directive.Foreach
2015-04-08 15:57:35,807 - Velocity was not initialized! Calling init()...
2015-04-08 15:57:35,807 - Velocity was not initialized! Calling init()...
2015-04-08 15:57:35,807 - Velocity was not initialized! Calling init()...
2015-04-08 15:57:35,807 - Velocity was not initialized! Calling init()...
2015-04-08 15:57:35,807 - Velocity was not initialized! Calling init()...
2015-04-08 15:57:35,807 - Velocity was not initialized! Calling init()...
2015-04-08 15:57:35,807 - Velocity was not initialized! Calling init()...
2015-04-08 15:57:35,807 - Velocity was not initialized! Calling init()...
2015-04-08 15:57:35,807 - Velocity was not initialized! Calling init()...
2015-04-08 15:57:35,807 - Velocity was not initialized! Calling init()...
2015-04-08 15:57:35,807 - Velocity was not initialized! Calling init()...
2015-04-08 15:57:35,807 - Velocity was not initialized! Calling init()...
2015-04-08 15:57:35,807 - Velocity was not initialized! Calling init()...
2015-04-08 15:57:35,807 - Velocity was not initialized! Calling init()...
2015-04-08 15:57:35,807 - Velocity was not initialized! Calling init()...
2015-04-08 15:57:35,807 - Velocity was not initialized! Calling init()...
2015-04-08 15:57:35,807 - Velocity was not initialized! Calling init()...
2015-04-08 15:57:35,807 - Velocity was not initialized! Calling init()...
2015-04-08 15:57:35,807 - Velocity was not initialized! Calling init()...
2015-04-08 15:57:35,807 - Velocity was not initialized! Calling init()...
2015-04-08 15:57:35,807 - Velocity was not initialized! Calling init()...
2015-04-08 15:57:35,808 - Velocity was not initialized! Calling init()...
2015-04-08 15:57:35,808 - Velocity was not initialized! Calling init()...
2015-04-08 15:57:35,808 - Velocity was not initialized! Calling init()...
2015-04-08 15:57:35,808 - Velocity was not initialized! Calling init()...
2015-04-08 15:57:35,808 - Velocity was not initialized! Calling init()...
2015-04-08 15:57:35,808 - Velocity was not initialized! Calling init()...
2015-04-08 15:57:35,808 - Velocity was not initialized! Calling init()...
2015-04-08 15:57:35,808 - Velocity was not initialized! Calling init()...
2015-04-08 15:57:35,808 - Velocity was not initialized! Calling init()...
2015-04-08 15:57:35,809 - Velocity was not initialized! Calling init()...
2015-04-08 15:57:35,809 - Velocity was not initialized! Calling init()...
2015-04-08 15:57:35,809 - Velocity was not initialized! Calling init()...
2015-04-08 15:57:35,809 - Velocity was not initialized! Calling init()...
2015-04-08 15:57:35,809 - Velocity was not initialized! Calling init()...
2015-04-08 15:57:35,809 - Velocity was not initialized! Calling init()...
2015-04-08 15:57:35,809 - Velocity was not initialized! Calling init()...
2015-04-08 15:57:35,809 - Velocity was not initialized! Calling init()...
2015-04-08 15:57:35,809 - Velocity was not initialized! Calling init()...
2015-04-08 15:57:35,809 - Velocity was not initialized! Calling init()...
2015-04-08 15:57:35,809 - Velocity was not initialized! Calling init()...
2015-04-08 15:57:35,809 - Velocity was not initialized! Calling init()...
2015-04-08 15:57:35,809 - Velocity was not initialized! Calling init()...
2015-04-08 15:57:35,809 - Velocity was not initialized! Calling init()...
2015-04-08 15:57:35,809 - Velocity was not initialized! Calling init()...
2015-04-08 15:57:35,809 - Velocity was not initialized! Calling init()...
2015-04-08 15:57:35,809 - Velocity was not initialized! Calling init()...
2015-04-08 15:57:35,809 - Velocity was not initialized! Calling init()...
2015-04-08 15:57:35,809 - Velocity was not initialized! Calling init()...
2015-04-08 15:57:35,809 - Velocity was not initialized! Calling init()...
2015-04-08 15:57:35,809 - Velocity was not initialized! Calling init()...
2015-04-08 15:57:35,810 - Velocity was not initialized! Calling init()...
2015-04-08 15:57:35,810 - Velocity was not initialized! Calling init()...
2015-04-08 15:57:35,810 - Velocity was not initialized! Calling init()...
2015-04-08 15:57:35,810 - Velocity was not initialized! Calling init()...
2015-04-08 15:57:35,810 - Velocity was not initialized! Calling init()...
2015-04-08 15:57:35,810 - Velocity was not initialized! Calling init()...
2015-04-08 15:57:35,810 - Velocity was not initialized! Calling init()...
2015-04-08 15:57:35,810 - Velocity was not initialized! Calling init()...
2015-04-08 15:57:35,810 - Velocity was not initialized! Calling init()...
2015-04-08 15:57:35,810 - Created '20' parsers.
2015-04-08 15:57:35,810 - Created '20' parsers.
2015-04-08 15:57:35,810 - Created '20' parsers.
2015-04-08 15:57:35,810 - Velocimacro : "velocimacro.library" is not set.  Trying default library: VM_global_library.vm
2015-04-08 15:57:35,810 - Velocimacro : "velocimacro.library" is not set.  Trying default library: VM_global_library.vm
2015-04-08 15:57:35,810 - Velocimacro : "velocimacro.library" is not set.  Trying default library: VM_global_library.vm
2015-04-08 15:57:35,810 - Velocity was not initialized! Calling init()...
2015-04-08 15:57:35,810 - Velocity was not initialized! Calling init()...
2015-04-08 15:57:35,810 - Velocity was not initialized! Calling init()...
2015-04-08 15:57:35,811 - Velocimacro : Default library not found.
2015-04-08 15:57:35,811 - Velocimacro : Default library not found.
2015-04-08 15:57:35,811 - Velocimacro : Default library not found.
2015-04-08 15:57:35,811 - Velocimacro : allowInline = true : VMs can be defined inline in templates
2015-04-08 15:57:35,811 - Velocimacro : allowInline = true : VMs can be defined inline in templates
2015-04-08 15:57:35,811 - Velocimacro : allowInline = true : VMs can be defined inline in templates
2015-04-08 15:57:35,811 - Velocimacro : allowInlineToOverride = false : VMs defined inline may NOT replace previous VM definitions
2015-04-08 15:57:35,811 - Velocimacro : allowInlineToOverride = false : VMs defined inline may NOT replace previous VM definitions
2015-04-08 15:57:35,811 - Velocimacro : allowInlineToOverride = false : VMs defined inline may NOT replace previous VM definitions
2015-04-08 15:57:35,811 - Velocimacro : allowInlineLocal = false : VMs defined inline will be global in scope if allowed.
2015-04-08 15:57:35,811 - Velocimacro : allowInlineLocal = false : VMs defined inline will be global in scope if allowed.
2015-04-08 15:57:35,811 - Velocimacro : allowInlineLocal = false : VMs defined inline will be global in scope if allowed.
2015-04-08 15:57:35,811 - Velocimacro : autoload off : VM system will not automatically reload global library macros
2015-04-08 15:57:35,811 - Velocimacro : autoload off : VM system will not automatically reload global library macros
2015-04-08 15:57:35,811 - Velocimacro : autoload off : VM system will not automatically reload global library macros
2015-04-08 15:57:35,935 - ResourceManager : found /view/test/hello.vm with loader org.apache.velocity.runtime.resource.loader.FileResourceLoader
2015-04-08 15:57:35,935 - ResourceManager : found /view/test/hello.vm with loader org.apache.velocity.runtime.resource.loader.FileResourceLoader
2015-04-08 15:57:35,935 - ResourceManager : found /view/test/hello.vm with loader org.apache.velocity.runtime.resource.loader.FileResourceLoader
2015-04-08 15:57:35,959 - Log4JLogChute initialized using file 'velocity.log'
2015-04-08 15:57:35,959 - Log4JLogChute initialized using file 'velocity.log'
2015-04-08 15:57:35,959 - Log4JLogChute initialized using file 'velocity.log'
2015-04-08 15:57:35,959 - Log4JLogChute initialized using file 'velocity.log'
2015-04-08 15:57:35,960 - Starting Apache Velocity v1.6.4 (compiled: 2010-04-27 15:31:23)
2015-04-08 15:57:35,960 - Starting Apache Velocity v1.6.4 (compiled: 2010-04-27 15:31:23)
2015-04-08 15:57:35,960 - Starting Apache Velocity v1.6.4 (compiled: 2010-04-27 15:31:23)
2015-04-08 15:57:35,960 - Starting Apache Velocity v1.6.4 (compiled: 2010-04-27 15:31:23)
2015-04-08 15:57:35,960 - Default Properties File: org/apache/velocity/runtime/defaults/velocity.properties
2015-04-08 15:57:35,960 - Default Properties File: org/apache/velocity/runtime/defaults/velocity.properties
2015-04-08 15:57:35,960 - Default Properties File: org/apache/velocity/runtime/defaults/velocity.properties
2015-04-08 15:57:35,960 - Default Properties File: org/apache/velocity/runtime/defaults/velocity.properties
2015-04-08 15:57:35,960 - Trying to use logger class org.apache.velocity.runtime.log.AvalonLogChute
2015-04-08 15:57:35,960 - Trying to use logger class org.apache.velocity.runtime.log.AvalonLogChute
2015-04-08 15:57:35,960 - Trying to use logger class org.apache.velocity.runtime.log.AvalonLogChute
2015-04-08 15:57:35,960 - Trying to use logger class org.apache.velocity.runtime.log.AvalonLogChute
2015-04-08 15:57:35,960 - Target log system for org.apache.velocity.runtime.log.AvalonLogChute is not available (java.lang.NoClassDefFoundError: org/apache/log/format/Formatter).  Falling back to next log system...
2015-04-08 15:57:35,960 - Target log system for org.apache.velocity.runtime.log.AvalonLogChute is not available (java.lang.NoClassDefFoundError: org/apache/log/format/Formatter).  Falling back to next log system...
2015-04-08 15:57:35,960 - Target log system for org.apache.velocity.runtime.log.AvalonLogChute is not available (java.lang.NoClassDefFoundError: org/apache/log/format/Formatter).  Falling back to next log system...
2015-04-08 15:57:35,960 - Target log system for org.apache.velocity.runtime.log.AvalonLogChute is not available (java.lang.NoClassDefFoundError: org/apache/log/format/Formatter).  Falling back to next log system...
2015-04-08 15:57:35,960 - Trying to use logger class org.apache.velocity.runtime.log.Log4JLogChute
2015-04-08 15:57:35,960 - Trying to use logger class org.apache.velocity.runtime.log.Log4JLogChute
2015-04-08 15:57:35,960 - Trying to use logger class org.apache.velocity.runtime.log.Log4JLogChute
2015-04-08 15:57:35,960 - Trying to use logger class org.apache.velocity.runtime.log.Log4JLogChute
2015-04-08 15:57:35,960 - Using logger class org.apache.velocity.runtime.log.Log4JLogChute
2015-04-08 15:57:35,960 - Using logger class org.apache.velocity.runtime.log.Log4JLogChute
2015-04-08 15:57:35,960 - Using logger class org.apache.velocity.runtime.log.Log4JLogChute
2015-04-08 15:57:35,960 - Using logger class org.apache.velocity.runtime.log.Log4JLogChute
2015-04-08 15:57:35,960 - ResourceLoader instantiated: org.apache.velocity.runtime.resource.loader.FileResourceLoader
2015-04-08 15:57:35,960 - ResourceLoader instantiated: org.apache.velocity.runtime.resource.loader.FileResourceLoader
2015-04-08 15:57:35,960 - ResourceLoader instantiated: org.apache.velocity.runtime.resource.loader.FileResourceLoader
2015-04-08 15:57:35,960 - ResourceLoader instantiated: org.apache.velocity.runtime.resource.loader.FileResourceLoader
2015-04-08 15:57:35,960 - Do unicode file recognition:  false
2015-04-08 15:57:35,960 - Do unicode file recognition:  false
2015-04-08 15:57:35,960 - Do unicode file recognition:  false
2015-04-08 15:57:35,960 - Do unicode file recognition:  false
2015-04-08 15:57:35,960 - FileResourceLoader : adding path '/Users/herve/Projects/tch-rails2/tch-rails-core/target/test-classes'
2015-04-08 15:57:35,960 - FileResourceLoader : adding path '/Users/herve/Projects/tch-rails2/tch-rails-core/target/test-classes'
2015-04-08 15:57:35,960 - FileResourceLoader : adding path '/Users/herve/Projects/tch-rails2/tch-rails-core/target/test-classes'
2015-04-08 15:57:35,960 - FileResourceLoader : adding path '/Users/herve/Projects/tch-rails2/tch-rails-core/target/test-classes'
2015-04-08 15:57:35,960 - ResourceCache: initialized (class org.apache.velocity.runtime.resource.ResourceCacheImpl) with class java.util.Collections$SynchronizedMap cache map.
2015-04-08 15:57:35,960 - ResourceCache: initialized (class org.apache.velocity.runtime.resource.ResourceCacheImpl) with class java.util.Collections$SynchronizedMap cache map.
2015-04-08 15:57:35,960 - ResourceCache: initialized (class org.apache.velocity.runtime.resource.ResourceCacheImpl) with class java.util.Collections$SynchronizedMap cache map.
2015-04-08 15:57:35,960 - ResourceCache: initialized (class org.apache.velocity.runtime.resource.ResourceCacheImpl) with class java.util.Collections$SynchronizedMap cache map.
2015-04-08 15:57:35,961 - Loaded System Directive: org.apache.velocity.runtime.directive.Define
2015-04-08 15:57:35,961 - Loaded System Directive: org.apache.velocity.runtime.directive.Define
2015-04-08 15:57:35,961 - Loaded System Directive: org.apache.velocity.runtime.directive.Define
2015-04-08 15:57:35,961 - Loaded System Directive: org.apache.velocity.runtime.directive.Define
2015-04-08 15:57:35,961 - Loaded System Directive: org.apache.velocity.runtime.directive.Break
2015-04-08 15:57:35,961 - Loaded System Directive: org.apache.velocity.runtime.directive.Break
2015-04-08 15:57:35,961 - Loaded System Directive: org.apache.velocity.runtime.directive.Break
2015-04-08 15:57:35,961 - Loaded System Directive: org.apache.velocity.runtime.directive.Break
2015-04-08 15:57:35,961 - Loaded System Directive: org.apache.velocity.runtime.directive.Evaluate
2015-04-08 15:57:35,961 - Loaded System Directive: org.apache.velocity.runtime.directive.Evaluate
2015-04-08 15:57:35,961 - Loaded System Directive: org.apache.velocity.runtime.directive.Evaluate
2015-04-08 15:57:35,961 - Loaded System Directive: org.apache.velocity.runtime.directive.Evaluate
2015-04-08 15:57:35,961 - Loaded System Directive: org.apache.velocity.runtime.directive.Literal
2015-04-08 15:57:35,961 - Loaded System Directive: org.apache.velocity.runtime.directive.Literal
2015-04-08 15:57:35,961 - Loaded System Directive: org.apache.velocity.runtime.directive.Literal
2015-04-08 15:57:35,961 - Loaded System Directive: org.apache.velocity.runtime.directive.Literal
2015-04-08 15:57:35,961 - Loaded System Directive: org.apache.velocity.runtime.directive.Macro
2015-04-08 15:57:35,961 - Loaded System Directive: org.apache.velocity.runtime.directive.Macro
2015-04-08 15:57:35,961 - Loaded System Directive: org.apache.velocity.runtime.directive.Macro
2015-04-08 15:57:35,961 - Loaded System Directive: org.apache.velocity.runtime.directive.Macro
2015-04-08 15:57:35,961 - Loaded System Directive: org.apache.velocity.runtime.directive.Parse
2015-04-08 15:57:35,961 - Loaded System Directive: org.apache.velocity.runtime.directive.Parse
2015-04-08 15:57:35,961 - Loaded System Directive: org.apache.velocity.runtime.directive.Parse
2015-04-08 15:57:35,961 - Loaded System Directive: org.apache.velocity.runtime.directive.Parse
2015-04-08 15:57:35,961 - Loaded System Directive: org.apache.velocity.runtime.directive.Include
2015-04-08 15:57:35,961 - Loaded System Directive: org.apache.velocity.runtime.directive.Include
2015-04-08 15:57:35,961 - Loaded System Directive: org.apache.velocity.runtime.directive.Include
2015-04-08 15:57:35,961 - Loaded System Directive: org.apache.velocity.runtime.directive.Include
2015-04-08 15:57:35,961 - Loaded System Directive: org.apache.velocity.runtime.directive.Foreach
2015-04-08 15:57:35,961 - Loaded System Directive: org.apache.velocity.runtime.directive.Foreach
2015-04-08 15:57:35,961 - Loaded System Directive: org.apache.velocity.runtime.directive.Foreach
2015-04-08 15:57:35,961 - Loaded System Directive: org.apache.velocity.runtime.directive.Foreach
2015-04-08 15:57:35,961 - Velocity was not initialized! Calling init()...
2015-04-08 15:57:35,961 - Velocity was not initialized! Calling init()...
2015-04-08 15:57:35,961 - Velocity was not initialized! Calling init()...
2015-04-08 15:57:35,961 - Velocity was not initialized! Calling init()...
2015-04-08 15:57:35,962 - Velocity was not initialized! Calling init()...
2015-04-08 15:57:35,962 - Velocity was not initialized! Calling init()...
2015-04-08 15:57:35,962 - Velocity was not initialized! Calling init()...
2015-04-08 15:57:35,962 - Velocity was not initialized! Calling init()...
2015-04-08 15:57:35,962 - Velocity was not initialized! Calling init()...
2015-04-08 15:57:35,962 - Velocity was not initialized! Calling init()...
2015-04-08 15:57:35,962 - Velocity was not initialized! Calling init()...
2015-04-08 15:57:35,962 - Velocity was not initialized! Calling init()...
2015-04-08 15:57:35,962 - Velocity was not initialized! Calling init()...
2015-04-08 15:57:35,962 - Velocity was not initialized! Calling init()...
2015-04-08 15:57:35,962 - Velocity was not initialized! Calling init()...
2015-04-08 15:57:35,962 - Velocity was not initialized! Calling init()...
2015-04-08 15:57:35,962 - Velocity was not initialized! Calling init()...
2015-04-08 15:57:35,962 - Velocity was not initialized! Calling init()...
2015-04-08 15:57:35,962 - Velocity was not initialized! Calling init()...
2015-04-08 15:57:35,962 - Velocity was not initialized! Calling init()...
2015-04-08 15:57:35,962 - Velocity was not initialized! Calling init()...
2015-04-08 15:57:35,962 - Velocity was not initialized! Calling init()...
2015-04-08 15:57:35,962 - Velocity was not initialized! Calling init()...
2015-04-08 15:57:35,962 - Velocity was not initialized! Calling init()...
2015-04-08 15:57:35,963 - Velocity was not initialized! Calling init()...
2015-04-08 15:57:35,963 - Velocity was not initialized! Calling init()...
2015-04-08 15:57:35,963 - Velocity was not initialized! Calling init()...
2015-04-08 15:57:35,963 - Velocity was not initialized! Calling init()...
2015-04-08 15:57:35,963 - Velocity was not initialized! Calling init()...
2015-04-08 15:57:35,963 - Velocity was not initialized! Calling init()...
2015-04-08 15:57:35,963 - Velocity was not initialized! Calling init()...
2015-04-08 15:57:35,963 - Velocity was not initialized! Calling init()...
2015-04-08 15:57:35,963 - Velocity was not initialized! Calling init()...
2015-04-08 15:57:35,963 - Velocity was not initialized! Calling init()...
2015-04-08 15:57:35,963 - Velocity was not initialized! Calling init()...
2015-04-08 15:57:35,963 - Velocity was not initialized! Calling init()...
2015-04-08 15:57:35,963 - Velocity was not initialized! Calling init()...
2015-04-08 15:57:35,963 - Velocity was not initialized! Calling init()...
2015-04-08 15:57:35,963 - Velocity was not initialized! Calling init()...
2015-04-08 15:57:35,963 - Velocity was not initialized! Calling init()...
2015-04-08 15:57:35,963 - Velocity was not initialized! Calling init()...
2015-04-08 15:57:35,963 - Velocity was not initialized! Calling init()...
2015-04-08 15:57:35,963 - Velocity was not initialized! Calling init()...
2015-04-08 15:57:35,963 - Velocity was not initialized! Calling init()...
2015-04-08 15:57:35,963 - Velocity was not initialized! Calling init()...
2015-04-08 15:57:35,963 - Velocity was not initialized! Calling init()...
2015-04-08 15:57:35,963 - Velocity was not initialized! Calling init()...
2015-04-08 15:57:35,963 - Velocity was not initialized! Calling init()...
2015-04-08 15:57:35,963 - Velocity was not initialized! Calling init()...
2015-04-08 15:57:35,963 - Velocity was not initialized! Calling init()...
2015-04-08 15:57:35,963 - Velocity was not initialized! Calling init()...
2015-04-08 15:57:35,963 - Velocity was not initialized! Calling init()...
2015-04-08 15:57:35,963 - Velocity was not initialized! Calling init()...
2015-04-08 15:57:35,963 - Velocity was not initialized! Calling init()...
2015-04-08 15:57:35,963 - Velocity was not initialized! Calling init()...
2015-04-08 15:57:35,963 - Velocity was not initialized! Calling init()...
2015-04-08 15:57:35,964 - Velocity was not initialized! Calling init()...
2015-04-08 15:57:35,964 - Velocity was not initialized! Calling init()...
2015-04-08 15:57:35,964 - Velocity was not initialized! Calling init()...
2015-04-08 15:57:35,964 - Velocity was not initialized! Calling init()...
2015-04-08 15:57:35,964 - Velocity was not initialized! Calling init()...
2015-04-08 15:57:35,964 - Velocity was not initialized! Calling init()...
2015-04-08 15:57:35,964 - Velocity was not initialized! Calling init()...
2015-04-08 15:57:35,964 - Velocity was not initialized! Calling init()...
2015-04-08 15:57:35,964 - Velocity was not initialized! Calling init()...
2015-04-08 15:57:35,964 - Velocity was not initialized! Calling init()...
2015-04-08 15:57:35,964 - Velocity was not initialized! Calling init()...
2015-04-08 15:57:35,964 - Velocity was not initialized! Calling init()...
2015-04-08 15:57:35,964 - Velocity was not initialized! Calling init()...
2015-04-08 15:57:35,964 - Velocity was not initialized! Calling init()...
2015-04-08 15:57:35,964 - Velocity was not initialized! Calling init()...
2015-04-08 15:57:35,964 - Velocity was not initialized! Calling init()...
2015-04-08 15:57:35,964 - Velocity was not initialized! Calling init()...
2015-04-08 15:57:35,964 - Velocity was not initialized! Calling init()...
2015-04-08 15:57:35,964 - Velocity was not initialized! Calling init()...
2015-04-08 15:57:35,964 - Velocity was not initialized! Calling init()...
2015-04-08 15:57:35,964 - Velocity was not initialized! Calling init()...
2015-04-08 15:57:35,964 - Velocity was not initialized! Calling init()...
2015-04-08 15:57:35,964 - Velocity was not initialized! Calling init()...
2015-04-08 15:57:35,964 - Velocity was not initialized! Calling init()...
2015-04-08 15:57:35,964 - Created '20' parsers.
2015-04-08 15:57:35,964 - Created '20' parsers.
2015-04-08 15:57:35,964 - Created '20' parsers.
2015-04-08 15:57:35,964 - Created '20' parsers.
2015-04-08 15:57:35,964 - Velocimacro : "velocimacro.library" is not set.  Trying default library: VM_global_library.vm
2015-04-08 15:57:35,964 - Velocimacro : "velocimacro.library" is not set.  Trying default library: VM_global_library.vm
2015-04-08 15:57:35,964 - Velocimacro : "velocimacro.library" is not set.  Trying default library: VM_global_library.vm
2015-04-08 15:57:35,964 - Velocimacro : "velocimacro.library" is not set.  Trying default library: VM_global_library.vm
2015-04-08 15:57:35,965 - Velocity was not initialized! Calling init()...
2015-04-08 15:57:35,965 - Velocity was not initialized! Calling init()...
2015-04-08 15:57:35,965 - Velocity was not initialized! Calling init()...
2015-04-08 15:57:35,965 - Velocity was not initialized! Calling init()...
2015-04-08 15:57:35,965 - Velocimacro : Default library not found.
2015-04-08 15:57:35,965 - Velocimacro : Default library not found.
2015-04-08 15:57:35,965 - Velocimacro : Default library not found.
2015-04-08 15:57:35,965 - Velocimacro : Default library not found.
2015-04-08 15:57:35,965 - Velocimacro : allowInline = true : VMs can be defined inline in templates
2015-04-08 15:57:35,965 - Velocimacro : allowInline = true : VMs can be defined inline in templates
2015-04-08 15:57:35,965 - Velocimacro : allowInline = true : VMs can be defined inline in templates
2015-04-08 15:57:35,965 - Velocimacro : allowInline = true : VMs can be defined inline in templates
2015-04-08 15:57:35,965 - Velocimacro : allowInlineToOverride = false : VMs defined inline may NOT replace previous VM definitions
2015-04-08 15:57:35,965 - Velocimacro : allowInlineToOverride = false : VMs defined inline may NOT replace previous VM definitions
2015-04-08 15:57:35,965 - Velocimacro : allowInlineToOverride = false : VMs defined inline may NOT replace previous VM definitions
2015-04-08 15:57:35,965 - Velocimacro : allowInlineToOverride = false : VMs defined inline may NOT replace previous VM definitions
2015-04-08 15:57:35,965 - Velocimacro : allowInlineLocal = false : VMs defined inline will be global in scope if allowed.
2015-04-08 15:57:35,965 - Velocimacro : allowInlineLocal = false : VMs defined inline will be global in scope if allowed.
2015-04-08 15:57:35,965 - Velocimacro : allowInlineLocal = false : VMs defined inline will be global in scope if allowed.
2015-04-08 15:57:35,965 - Velocimacro : allowInlineLocal = false : VMs defined inline will be global in scope if allowed.
2015-04-08 15:57:35,965 - Velocimacro : autoload off : VM system will not automatically reload global library macros
2015-04-08 15:57:35,965 - Velocimacro : autoload off : VM system will not automatically reload global library macros
2015-04-08 15:57:35,965 - Velocimacro : autoload off : VM system will not automatically reload global library macros
2015-04-08 15:57:35,965 - Velocimacro : autoload off : VM system will not automatically reload global library macros
2015-04-08 15:57:35,966 - ResourceManager : found /view/test/hello.txt.vm with loader org.apache.velocity.runtime.resource.loader.FileResourceLoader
2015-04-08 15:57:35,966 - ResourceManager : found /view/test/hello.txt.vm with loader org.apache.velocity.runtime.resource.loader.FileResourceLoader
2015-04-08 15:57:35,966 - ResourceManager : found /view/test/hello.txt.vm with loader org.apache.velocity.runtime.resource.loader.FileResourceLoader
2015-04-08 15:57:35,966 - ResourceManager : found /view/test/hello.txt.vm with loader org.apache.velocity.runtime.resource.loader.FileResourceLoader
2015-04-08 15:58:09,444 - Log4JLogChute initialized using file 'velocity.log'
2015-04-08 15:58:09,463 - Starting Apache Velocity v1.6.4 (compiled: 2010-04-27 15:31:23)
2015-04-08 15:58:09,463 - Default Properties File: org/apache/velocity/runtime/defaults/velocity.properties
2015-04-08 15:58:09,463 - Trying to use logger class org.apache.velocity.runtime.log.AvalonLogChute
2015-04-08 15:58:09,463 - Target log system for org.apache.velocity.runtime.log.AvalonLogChute is not available (java.lang.NoClassDefFoundError: org/apache/log/format/Formatter).  Falling back to next log system...
2015-04-08 15:58:09,463 - Trying to use logger class org.apache.velocity.runtime.log.Log4JLogChute
2015-04-08 15:58:09,463 - Using logger class org.apache.velocity.runtime.log.Log4JLogChute
2015-04-08 15:58:09,479 - ResourceLoader instantiated: org.apache.velocity.runtime.resource.loader.FileResourceLoader
2015-04-08 15:58:09,480 - Do unicode file recognition:  false
2015-04-08 15:58:09,480 - FileResourceLoader : adding path '/Users/herve/Projects/tch-rails2/tch-rails-core/target/test-classes'
2015-04-08 15:58:09,508 - ResourceCache: initialized (class org.apache.velocity.runtime.resource.ResourceCacheImpl) with class java.util.Collections$SynchronizedMap cache map.
2015-04-08 15:58:09,509 - Loaded System Directive: org.apache.velocity.runtime.directive.Define
2015-04-08 15:58:09,511 - Loaded System Directive: org.apache.velocity.runtime.directive.Break
2015-04-08 15:58:09,511 - Loaded System Directive: org.apache.velocity.runtime.directive.Evaluate
2015-04-08 15:58:09,512 - Loaded System Directive: org.apache.velocity.runtime.directive.Literal
2015-04-08 15:58:09,513 - Loaded System Directive: org.apache.velocity.runtime.directive.Macro
2015-04-08 15:58:09,522 - Loaded System Directive: org.apache.velocity.runtime.directive.Parse
2015-04-08 15:58:09,523 - Loaded System Directive: org.apache.velocity.runtime.directive.Include
2015-04-08 15:58:09,524 - Loaded System Directive: org.apache.velocity.runtime.directive.Foreach
2015-04-08 15:58:09,526 - Velocity was not initialized! Calling init()...
2015-04-08 15:58:09,593 - Velocity was not initialized! Calling init()...
2015-04-08 15:58:09,593 - Velocity was not initialized! Calling init()...
2015-04-08 15:58:09,593 - Velocity was not initialized! Calling init()...
2015-04-08 15:58:09,594 - Velocity was not initialized! Calling init()...
2015-04-08 15:58:09,594 - Velocity was not initialized! Calling init()...
2015-04-08 15:58:09,599 - Velocity was not initialized! Calling init()...
2015-04-08 15:58:09,599 - Velocity was not initialized! Calling init()...
2015-04-08 15:58:09,599 - Velocity was not initialized! Calling init()...
2015-04-08 15:58:09,614 - Velocity was not initialized! Calling init()...
2015-04-08 15:58:09,615 - Velocity was not initialized! Calling init()...
2015-04-08 15:58:09,646 - Velocity was not initialized! Calling init()...
2015-04-08 15:58:09,646 - Velocity was not initialized! Calling init()...
2015-04-08 15:58:09,646 - Velocity was not initialized! Calling init()...
2015-04-08 15:58:09,646 - Velocity was not initialized! Calling init()...
2015-04-08 15:58:09,646 - Velocity was not initialized! Calling init()...
2015-04-08 15:58:09,646 - Velocity was not initialized! Calling init()...
2015-04-08 15:58:09,647 - Velocity was not initialized! Calling init()...
2015-04-08 15:58:09,647 - Velocity was not initialized! Calling init()...
2015-04-08 15:58:09,647 - Velocity was not initialized! Calling init()...
2015-04-08 15:58:09,647 - Created '20' parsers.
2015-04-08 15:58:09,659 - Velocimacro : "velocimacro.library" is not set.  Trying default library: VM_global_library.vm
2015-04-08 15:58:09,659 - Velocity was not initialized! Calling init()...
2015-04-08 15:58:09,667 - Velocimacro : Default library not found.
2015-04-08 15:58:09,667 - Velocimacro : allowInline = true : VMs can be defined inline in templates
2015-04-08 15:58:09,667 - Velocimacro : allowInlineToOverride = false : VMs defined inline may NOT replace previous VM definitions
2015-04-08 15:58:09,667 - Velocimacro : allowInlineLocal = false : VMs defined inline will be global in scope if allowed.
2015-04-08 15:58:09,667 - Velocimacro : autoload off : VM system will not automatically reload global library macros
2015-04-08 15:58:09,693 - Log4JLogChute initialized using file 'velocity.log'
2015-04-08 15:58:09,693 - Log4JLogChute initialized using file 'velocity.log'
2015-04-08 15:58:09,694 - Starting Apache Velocity v1.6.4 (compiled: 2010-04-27 15:31:23)
2015-04-08 15:58:09,694 - Starting Apache Velocity v1.6.4 (compiled: 2010-04-27 15:31:23)
2015-04-08 15:58:09,694 - Default Properties File: org/apache/velocity/runtime/defaults/velocity.properties
2015-04-08 15:58:09,694 - Default Properties File: org/apache/velocity/runtime/defaults/velocity.properties
2015-04-08 15:58:09,694 - Trying to use logger class org.apache.velocity.runtime.log.AvalonLogChute
2015-04-08 15:58:09,694 - Trying to use logger class org.apache.velocity.runtime.log.AvalonLogChute
2015-04-08 15:58:09,694 - Target log system for org.apache.velocity.runtime.log.AvalonLogChute is not available (java.lang.NoClassDefFoundError: org/apache/log/format/Formatter).  Falling back to next log system...
2015-04-08 15:58:09,694 - Target log system for org.apache.velocity.runtime.log.AvalonLogChute is not available (java.lang.NoClassDefFoundError: org/apache/log/format/Formatter).  Falling back to next log system...
2015-04-08 15:58:09,694 - Trying to use logger class org.apache.velocity.runtime.log.Log4JLogChute
2015-04-08 15:58:09,694 - Trying to use logger class org.apache.velocity.runtime.log.Log4JLogChute
2015-04-08 15:58:09,694 - Using logger class org.apache.velocity.runtime.log.Log4JLogChute
2015-04-08 15:58:09,694 - Using logger class org.apache.velocity.runtime.log.Log4JLogChute
2015-04-08 15:58:09,694 - ResourceLoader instantiated: org.apache.velocity.runtime.resource.loader.FileResourceLoader
2015-04-08 15:58:09,694 - ResourceLoader instantiated: org.apache.velocity.runtime.resource.loader.FileResourceLoader
2015-04-08 15:58:09,694 - Do unicode file recognition:  false
2015-04-08 15:58:09,694 - Do unicode file recognition:  false
2015-04-08 15:58:09,694 - FileResourceLoader : adding path '/Users/herve/Projects/tch-rails2/tch-rails-core/target/test-classes'
2015-04-08 15:58:09,694 - FileResourceLoader : adding path '/Users/herve/Projects/tch-rails2/tch-rails-core/target/test-classes'
2015-04-08 15:58:09,694 - ResourceCache: initialized (class org.apache.velocity.runtime.resource.ResourceCacheImpl) with class java.util.Collections$SynchronizedMap cache map.
2015-04-08 15:58:09,694 - ResourceCache: initialized (class org.apache.velocity.runtime.resource.ResourceCacheImpl) with class java.util.Collections$SynchronizedMap cache map.
2015-04-08 15:58:09,695 - Loaded System Directive: org.apache.velocity.runtime.directive.Define
2015-04-08 15:58:09,695 - Loaded System Directive: org.apache.velocity.runtime.directive.Define
2015-04-08 15:58:09,695 - Loaded System Directive: org.apache.velocity.runtime.directive.Break
2015-04-08 15:58:09,695 - Loaded System Directive: org.apache.velocity.runtime.directive.Break
2015-04-08 15:58:09,695 - Loaded System Directive: org.apache.velocity.runtime.directive.Evaluate
2015-04-08 15:58:09,695 - Loaded System Directive: org.apache.velocity.runtime.directive.Evaluate
2015-04-08 15:58:09,696 - Loaded System Directive: org.apache.velocity.runtime.directive.Literal
2015-04-08 15:58:09,696 - Loaded System Directive: org.apache.velocity.runtime.directive.Literal
2015-04-08 15:58:09,696 - Loaded System Directive: org.apache.velocity.runtime.directive.Macro
2015-04-08 15:58:09,696 - Loaded System Directive: org.apache.velocity.runtime.directive.Macro
2015-04-08 15:58:09,696 - Loaded System Directive: org.apache.velocity.runtime.directive.Parse
2015-04-08 15:58:09,696 - Loaded System Directive: org.apache.velocity.runtime.directive.Parse
2015-04-08 15:58:09,696 - Loaded System Directive: org.apache.velocity.runtime.directive.Include
2015-04-08 15:58:09,696 - Loaded System Directive: org.apache.velocity.runtime.directive.Include
2015-04-08 15:58:09,696 - Loaded System Directive: org.apache.velocity.runtime.directive.Foreach
2015-04-08 15:58:09,696 - Loaded System Directive: org.apache.velocity.runtime.directive.Foreach
2015-04-08 15:58:09,696 - Velocity was not initialized! Calling init()...
2015-04-08 15:58:09,696 - Velocity was not initialized! Calling init()...
2015-04-08 15:58:09,696 - Velocity was not initialized! Calling init()...
2015-04-08 15:58:09,696 - Velocity was not initialized! Calling init()...
2015-04-08 15:58:09,696 - Velocity was not initialized! Calling init()...
2015-04-08 15:58:09,696 - Velocity was not initialized! Calling init()...
2015-04-08 15:58:09,696 - Velocity was not initialized! Calling init()...
2015-04-08 15:58:09,696 - Velocity was not initialized! Calling init()...
2015-04-08 15:58:09,696 - Velocity was not initialized! Calling init()...
2015-04-08 15:58:09,696 - Velocity was not initialized! Calling init()...
2015-04-08 15:58:09,696 - Velocity was not initialized! Calling init()...
2015-04-08 15:58:09,696 - Velocity was not initialized! Calling init()...
2015-04-08 15:58:09,697 - Velocity was not initialized! Calling init()...
2015-04-08 15:58:09,697 - Velocity was not initialized! Calling init()...
2015-04-08 15:58:09,697 - Velocity was not initialized! Calling init()...
2015-04-08 15:58:09,697 - Velocity was not initialized! Calling init()...
2015-04-08 15:58:09,697 - Velocity was not initialized! Calling init()...
2015-04-08 15:58:09,697 - Velocity was not initialized! Calling init()...
2015-04-08 15:58:09,697 - Velocity was not initialized! Calling init()...
2015-04-08 15:58:09,697 - Velocity was not initialized! Calling init()...
2015-04-08 15:58:09,697 - Velocity was not initialized! Calling init()...
2015-04-08 15:58:09,697 - Velocity was not initialized! Calling init()...
2015-04-08 15:58:09,697 - Velocity was not initialized! Calling init()...
2015-04-08 15:58:09,697 - Velocity was not initialized! Calling init()...
2015-04-08 15:58:09,697 - Velocity was not initialized! Calling init()...
2015-04-08 15:58:09,697 - Velocity was not initialized! Calling init()...
2015-04-08 15:58:09,697 - Velocity was not initialized! Calling init()...
2015-04-08 15:58:09,697 - Velocity was not initialized! Calling init()...
2015-04-08 15:58:09,697 - Velocity was not initialized! Calling init()...
2015-04-08 15:58:09,697 - Velocity was not initialized! Calling init()...
2015-04-08 15:58:09,698 - Velocity was not initialized! Calling init()...
2015-04-08 15:58:09,698 - Velocity was not initialized! Calling init()...
2015-04-08 15:58:09,698 - Velocity was not initialized! Calling init()...
2015-04-08 15:58:09,698 - Velocity was not initialized! Calling init()...
2015-04-08 15:58:09,698 - Velocity was not initialized! Calling init()...
2015-04-08 15:58:09,698 - Velocity was not initialized! Calling init()...
2015-04-08 15:58:09,699 - Velocity was not initialized! Calling init()...
2015-04-08 15:58:09,699 - Velocity was not initialized! Calling init()...
2015-04-08 15:58:09,699 - Velocity was not initialized! Calling init()...
2015-04-08 15:58:09,699 - Velocity was not initialized! Calling init()...
2015-04-08 15:58:09,701 - Created '20' parsers.
2015-04-08 15:58:09,701 - Created '20' parsers.
2015-04-08 15:58:09,701 - Velocimacro : "velocimacro.library" is not set.  Trying default library: VM_global_library.vm
2015-04-08 15:58:09,701 - Velocimacro : "velocimacro.library" is not set.  Trying default library: VM_global_library.vm
2015-04-08 15:58:09,701 - Velocity was not initialized! Calling init()...
2015-04-08 15:58:09,701 - Velocity was not initialized! Calling init()...
2015-04-08 15:58:09,701 - Velocimacro : Default library not found.
2015-04-08 15:58:09,701 - Velocimacro : Default library not found.
2015-04-08 15:58:09,701 - Velocimacro : allowInline = true : VMs can be defined inline in templates
2015-04-08 15:58:09,701 - Velocimacro : allowInline = true : VMs can be defined inline in templates
2015-04-08 15:58:09,701 - Velocimacro : allowInlineToOverride = false : VMs defined inline may NOT replace previous VM definitions
2015-04-08 15:58:09,701 - Velocimacro : allowInlineToOverride = false : VMs defined inline may NOT replace previous VM definitions
2015-04-08 15:58:09,701 - Velocimacro : allowInlineLocal = false : VMs defined inline will be global in scope if allowed.
2015-04-08 15:58:09,701 - Velocimacro : allowInlineLocal = false : VMs defined inline will be global in scope if allowed.
2015-04-08 15:58:09,701 - Velocimacro : autoload off : VM system will not automatically reload global library macros
2015-04-08 15:58:09,701 - Velocimacro : autoload off : VM system will not automatically reload global library macros
2015-04-08 15:58:09,705 - Log4JLogChute initialized using file 'velocity.log'
2015-04-08 15:58:09,705 - Log4JLogChute initialized using file 'velocity.log'
2015-04-08 15:58:09,705 - Log4JLogChute initialized using file 'velocity.log'
2015-04-08 15:58:09,705 - Starting Apache Velocity v1.6.4 (compiled: 2010-04-27 15:31:23)
2015-04-08 15:58:09,705 - Starting Apache Velocity v1.6.4 (compiled: 2010-04-27 15:31:23)
2015-04-08 15:58:09,705 - Starting Apache Velocity v1.6.4 (compiled: 2010-04-27 15:31:23)
2015-04-08 15:58:09,705 - Default Properties File: org/apache/velocity/runtime/defaults/velocity.properties
2015-04-08 15:58:09,705 - Default Properties File: org/apache/velocity/runtime/defaults/velocity.properties
2015-04-08 15:58:09,705 - Default Properties File: org/apache/velocity/runtime/defaults/velocity.properties
2015-04-08 15:58:09,705 - Trying to use logger class org.apache.velocity.runtime.log.AvalonLogChute
2015-04-08 15:58:09,705 - Trying to use logger class org.apache.velocity.runtime.log.AvalonLogChute
2015-04-08 15:58:09,705 - Trying to use logger class org.apache.velocity.runtime.log.AvalonLogChute
2015-04-08 15:58:09,705 - Target log system for org.apache.velocity.runtime.log.AvalonLogChute is not available (java.lang.NoClassDefFoundError: org/apache/log/format/Formatter).  Falling back to next log system...
2015-04-08 15:58:09,705 - Target log system for org.apache.velocity.runtime.log.AvalonLogChute is not available (java.lang.NoClassDefFoundError: org/apache/log/format/Formatter).  Falling back to next log system...
2015-04-08 15:58:09,705 - Target log system for org.apache.velocity.runtime.log.AvalonLogChute is not available (java.lang.NoClassDefFoundError: org/apache/log/format/Formatter).  Falling back to next log system...
2015-04-08 15:58:09,705 - Trying to use logger class org.apache.velocity.runtime.log.Log4JLogChute
2015-04-08 15:58:09,705 - Trying to use logger class org.apache.velocity.runtime.log.Log4JLogChute
2015-04-08 15:58:09,705 - Trying to use logger class org.apache.velocity.runtime.log.Log4JLogChute
2015-04-08 15:58:09,705 - Using logger class org.apache.velocity.runtime.log.Log4JLogChute
2015-04-08 15:58:09,705 - Using logger class org.apache.velocity.runtime.log.Log4JLogChute
2015-04-08 15:58:09,705 - Using logger class org.apache.velocity.runtime.log.Log4JLogChute
2015-04-08 15:58:09,705 - ResourceLoader instantiated: org.apache.velocity.runtime.resource.loader.FileResourceLoader
2015-04-08 15:58:09,705 - ResourceLoader instantiated: org.apache.velocity.runtime.resource.loader.FileResourceLoader
2015-04-08 15:58:09,705 - ResourceLoader instantiated: org.apache.velocity.runtime.resource.loader.FileResourceLoader
2015-04-08 15:58:09,705 - Do unicode file recognition:  false
2015-04-08 15:58:09,705 - Do unicode file recognition:  false
2015-04-08 15:58:09,705 - Do unicode file recognition:  false
2015-04-08 15:58:09,706 - FileResourceLoader : adding path '/Users/herve/Projects/tch-rails2/tch-rails-core/target/test-classes'
2015-04-08 15:58:09,706 - FileResourceLoader : adding path '/Users/herve/Projects/tch-rails2/tch-rails-core/target/test-classes'
2015-04-08 15:58:09,706 - FileResourceLoader : adding path '/Users/herve/Projects/tch-rails2/tch-rails-core/target/test-classes'
2015-04-08 15:58:09,707 - ResourceCache: initialized (class org.apache.velocity.runtime.resource.ResourceCacheImpl) with class java.util.Collections$SynchronizedMap cache map.
2015-04-08 15:58:09,707 - ResourceCache: initialized (class org.apache.velocity.runtime.resource.ResourceCacheImpl) with class java.util.Collections$SynchronizedMap cache map.
2015-04-08 15:58:09,707 - ResourceCache: initialized (class org.apache.velocity.runtime.resource.ResourceCacheImpl) with class java.util.Collections$SynchronizedMap cache map.
2015-04-08 15:58:09,707 - Loaded System Directive: org.apache.velocity.runtime.directive.Define
2015-04-08 15:58:09,707 - Loaded System Directive: org.apache.velocity.runtime.directive.Define
2015-04-08 15:58:09,707 - Loaded System Directive: org.apache.velocity.runtime.directive.Define
2015-04-08 15:58:09,707 - Loaded System Directive: org.apache.velocity.runtime.directive.Break
2015-04-08 15:58:09,707 - Loaded System Directive: org.apache.velocity.runtime.directive.Break
2015-04-08 15:58:09,707 - Loaded System Directive: org.apache.velocity.runtime.directive.Break
2015-04-08 15:58:09,707 - Loaded System Directive: org.apache.velocity.runtime.directive.Evaluate
2015-04-08 15:58:09,707 - Loaded System Directive: org.apache.velocity.runtime.directive.Evaluate
2015-04-08 15:58:09,707 - Loaded System Directive: org.apache.velocity.runtime.directive.Evaluate
2015-04-08 15:58:09,707 - Loaded System Directive: org.apache.velocity.runtime.directive.Literal
2015-04-08 15:58:09,707 - Loaded System Directive: org.apache.velocity.runtime.directive.Literal
2015-04-08 15:58:09,707 - Loaded System Directive: org.apache.velocity.runtime.directive.Literal
2015-04-08 15:58:09,707 - Loaded System Directive: org.apache.velocity.runtime.directive.Macro
2015-04-08 15:58:09,707 - Loaded System Directive: org.apache.velocity.runtime.directive.Macro
2015-04-08 15:58:09,707 - Loaded System Directive: org.apache.velocity.runtime.directive.Macro
2015-04-08 15:58:09,708 - Loaded System Directive: org.apache.velocity.runtime.directive.Parse
2015-04-08 15:58:09,708 - Loaded System Directive: org.apache.velocity.runtime.directive.Parse
2015-04-08 15:58:09,708 - Loaded System Directive: org.apache.velocity.runtime.directive.Parse
2015-04-08 15:58:09,708 - Loaded System Directive: org.apache.velocity.runtime.directive.Include
2015-04-08 15:58:09,708 - Loaded System Directive: org.apache.velocity.runtime.directive.Include
2015-04-08 15:58:09,708 - Loaded System Directive: org.apache.velocity.runtime.directive.Include
2015-04-08 15:58:09,708 - Loaded System Directive: org.apache.velocity.runtime.directive.Foreach
2015-04-08 15:58:09,708 - Loaded System Directive: org.apache.velocity.runtime.directive.Foreach
2015-04-08 15:58:09,708 - Loaded System Directive: org.apache.velocity.runtime.directive.Foreach
2015-04-08 15:58:09,708 - Velocity was not initialized! Calling init()...
2015-04-08 15:58:09,708 - Velocity was not initialized! Calling init()...
2015-04-08 15:58:09,708 - Velocity was not initialized! Calling init()...
2015-04-08 15:58:09,708 - Velocity was not initialized! Calling init()...
2015-04-08 15:58:09,708 - Velocity was not initialized! Calling init()...
2015-04-08 15:58:09,708 - Velocity was not initialized! Calling init()...
2015-04-08 15:58:09,708 - Velocity was not initialized! Calling init()...
2015-04-08 15:58:09,708 - Velocity was not initialized! Calling init()...
2015-04-08 15:58:09,708 - Velocity was not initialized! Calling init()...
2015-04-08 15:58:09,708 - Velocity was not initialized! Calling init()...
2015-04-08 15:58:09,708 - Velocity was not initialized! Calling init()...
2015-04-08 15:58:09,708 - Velocity was not initialized! Calling init()...
2015-04-08 15:58:09,708 - Velocity was not initialized! Calling init()...
2015-04-08 15:58:09,708 - Velocity was not initialized! Calling init()...
2015-04-08 15:58:09,708 - Velocity was not initialized! Calling init()...
2015-04-08 15:58:09,708 - Velocity was not initialized! Calling init()...
2015-04-08 15:58:09,708 - Velocity was not initialized! Calling init()...
2015-04-08 15:58:09,708 - Velocity was not initialized! Calling init()...
2015-04-08 15:58:09,708 - Velocity was not initialized! Calling init()...
2015-04-08 15:58:09,708 - Velocity was not initialized! Calling init()...
2015-04-08 15:58:09,708 - Velocity was not initialized! Calling init()...
2015-04-08 15:58:09,709 - Velocity was not initialized! Calling init()...
2015-04-08 15:58:09,709 - Velocity was not initialized! Calling init()...
2015-04-08 15:58:09,709 - Velocity was not initialized! Calling init()...
2015-04-08 15:58:09,711 - Velocity was not initialized! Calling init()...
2015-04-08 15:58:09,711 - Velocity was not initialized! Calling init()...
2015-04-08 15:58:09,711 - Velocity was not initialized! Calling init()...
2015-04-08 15:58:09,711 - Velocity was not initialized! Calling init()...
2015-04-08 15:58:09,711 - Velocity was not initialized! Calling init()...
2015-04-08 15:58:09,711 - Velocity was not initialized! Calling init()...
2015-04-08 15:58:09,711 - Velocity was not initialized! Calling init()...
2015-04-08 15:58:09,711 - Velocity was not initialized! Calling init()...
2015-04-08 15:58:09,711 - Velocity was not initialized! Calling init()...
2015-04-08 15:58:09,711 - Velocity was not initialized! Calling init()...
2015-04-08 15:58:09,711 - Velocity was not initialized! Calling init()...
2015-04-08 15:58:09,711 - Velocity was not initialized! Calling init()...
2015-04-08 15:58:09,711 - Velocity was not initialized! Calling init()...
2015-04-08 15:58:09,711 - Velocity was not initialized! Calling init()...
2015-04-08 15:58:09,711 - Velocity was not initialized! Calling init()...
2015-04-08 15:58:09,711 - Velocity was not initialized! Calling init()...
2015-04-08 15:58:09,711 - Velocity was not initialized! Calling init()...
2015-04-08 15:58:09,711 - Velocity was not initialized! Calling init()...
2015-04-08 15:58:09,712 - Velocity was not initialized! Calling init()...
2015-04-08 15:58:09,712 - Velocity was not initialized! Calling init()...
2015-04-08 15:58:09,712 - Velocity was not initialized! Calling init()...
2015-04-08 15:58:09,712 - Velocity was not initialized! Calling init()...
2015-04-08 15:58:09,712 - Velocity was not initialized! Calling init()...
2015-04-08 15:58:09,712 - Velocity was not initialized! Calling init()...
2015-04-08 15:58:09,712 - Velocity was not initialized! Calling init()...
2015-04-08 15:58:09,712 - Velocity was not initialized! Calling init()...
2015-04-08 15:58:09,712 - Velocity was not initialized! Calling init()...
2015-04-08 15:58:09,712 - Velocity was not initialized! Calling init()...
2015-04-08 15:58:09,712 - Velocity was not initialized! Calling init()...
2015-04-08 15:58:09,712 - Velocity was not initialized! Calling init()...
2015-04-08 15:58:09,712 - Velocity was not initialized! Calling init()...
2015-04-08 15:58:09,712 - Velocity was not initialized! Calling init()...
2015-04-08 15:58:09,712 - Velocity was not initialized! Calling init()...
2015-04-08 15:58:09,712 - Velocity was not initialized! Calling init()...
2015-04-08 15:58:09,712 - Velocity was not initialized! Calling init()...
2015-04-08 15:58:09,712 - Velocity was not initialized! Calling init()...
2015-04-08 15:58:09,712 - Created '20' parsers.
2015-04-08 15:58:09,712 - Created '20' parsers.
2015-04-08 15:58:09,712 - Created '20' parsers.
2015-04-08 15:58:09,712 - Velocimacro : "velocimacro.library" is not set.  Trying default library: VM_global_library.vm
2015-04-08 15:58:09,712 - Velocimacro : "velocimacro.library" is not set.  Trying default library: VM_global_library.vm
2015-04-08 15:58:09,712 - Velocimacro : "velocimacro.library" is not set.  Trying default library: VM_global_library.vm
2015-04-08 15:58:09,713 - Velocity was not initialized! Calling init()...
2015-04-08 15:58:09,713 - Velocity was not initialized! Calling init()...
2015-04-08 15:58:09,713 - Velocity was not initialized! Calling init()...
2015-04-08 15:58:09,713 - Velocimacro : Default library not found.
2015-04-08 15:58:09,713 - Velocimacro : Default library not found.
2015-04-08 15:58:09,713 - Velocimacro : Default library not found.
2015-04-08 15:58:09,713 - Velocimacro : allowInline = true : VMs can be defined inline in templates
2015-04-08 15:58:09,713 - Velocimacro : allowInline = true : VMs can be defined inline in templates
2015-04-08 15:58:09,713 - Velocimacro : allowInline = true : VMs can be defined inline in templates
2015-04-08 15:58:09,713 - Velocimacro : allowInlineToOverride = false : VMs defined inline may NOT replace previous VM definitions
2015-04-08 15:58:09,713 - Velocimacro : allowInlineToOverride = false : VMs defined inline may NOT replace previous VM definitions
2015-04-08 15:58:09,713 - Velocimacro : allowInlineToOverride = false : VMs defined inline may NOT replace previous VM definitions
2015-04-08 15:58:09,713 - Velocimacro : allowInlineLocal = false : VMs defined inline will be global in scope if allowed.
2015-04-08 15:58:09,713 - Velocimacro : allowInlineLocal = false : VMs defined inline will be global in scope if allowed.
2015-04-08 15:58:09,713 - Velocimacro : allowInlineLocal = false : VMs defined inline will be global in scope if allowed.
2015-04-08 15:58:09,713 - Velocimacro : autoload off : VM system will not automatically reload global library macros
2015-04-08 15:58:09,713 - Velocimacro : autoload off : VM system will not automatically reload global library macros
2015-04-08 15:58:09,713 - Velocimacro : autoload off : VM system will not automatically reload global library macros
2015-04-08 15:58:09,766 - ResourceManager : found /view/test/hello.vm with loader org.apache.velocity.runtime.resource.loader.FileResourceLoader
2015-04-08 15:58:09,766 - ResourceManager : found /view/test/hello.vm with loader org.apache.velocity.runtime.resource.loader.FileResourceLoader
2015-04-08 15:58:09,766 - ResourceManager : found /view/test/hello.vm with loader org.apache.velocity.runtime.resource.loader.FileResourceLoader
2015-04-08 15:58:09,772 - Log4JLogChute initialized using file 'velocity.log'
2015-04-08 15:58:09,772 - Log4JLogChute initialized using file 'velocity.log'
2015-04-08 15:58:09,772 - Log4JLogChute initialized using file 'velocity.log'
2015-04-08 15:58:09,772 - Log4JLogChute initialized using file 'velocity.log'
2015-04-08 15:58:09,772 - Starting Apache Velocity v1.6.4 (compiled: 2010-04-27 15:31:23)
2015-04-08 15:58:09,772 - Starting Apache Velocity v1.6.4 (compiled: 2010-04-27 15:31:23)
2015-04-08 15:58:09,772 - Starting Apache Velocity v1.6.4 (compiled: 2010-04-27 15:31:23)
2015-04-08 15:58:09,772 - Starting Apache Velocity v1.6.4 (compiled: 2010-04-27 15:31:23)
2015-04-08 15:58:09,772 - Default Properties File: org/apache/velocity/runtime/defaults/velocity.properties
2015-04-08 15:58:09,772 - Default Properties File: org/apache/velocity/runtime/defaults/velocity.properties
2015-04-08 15:58:09,772 - Default Properties File: org/apache/velocity/runtime/defaults/velocity.properties
2015-04-08 15:58:09,772 - Default Properties File: org/apache/velocity/runtime/defaults/velocity.properties
2015-04-08 15:58:09,772 - Trying to use logger class org.apache.velocity.runtime.log.AvalonLogChute
2015-04-08 15:58:09,772 - Trying to use logger class org.apache.velocity.runtime.log.AvalonLogChute
2015-04-08 15:58:09,772 - Trying to use logger class org.apache.velocity.runtime.log.AvalonLogChute
2015-04-08 15:58:09,772 - Trying to use logger class org.apache.velocity.runtime.log.AvalonLogChute
2015-04-08 15:58:09,773 - Target log system for org.apache.velocity.runtime.log.AvalonLogChute is not available (java.lang.NoClassDefFoundError: org/apache/log/format/Formatter).  Falling back to next log system...
2015-04-08 15:58:09,773 - Target log system for org.apache.velocity.runtime.log.AvalonLogChute is not available (java.lang.NoClassDefFoundError: org/apache/log/format/Formatter).  Falling back to next log system...
2015-04-08 15:58:09,773 - Target log system for org.apache.velocity.runtime.log.AvalonLogChute is not available (java.lang.NoClassDefFoundError: org/apache/log/format/Formatter).  Falling back to next log system...
2015-04-08 15:58:09,773 - Target log system for org.apache.velocity.runtime.log.AvalonLogChute is not available (java.lang.NoClassDefFoundError: org/apache/log/format/Formatter).  Falling back to next log system...
2015-04-08 15:58:09,773 - Trying to use logger class org.apache.velocity.runtime.log.Log4JLogChute
2015-04-08 15:58:09,773 - Trying to use logger class org.apache.velocity.runtime.log.Log4JLogChute
2015-04-08 15:58:09,773 - Trying to use logger class org.apache.velocity.runtime.log.Log4JLogChute
2015-04-08 15:58:09,773 - Trying to use logger class org.apache.velocity.runtime.log.Log4JLogChute
2015-04-08 15:58:09,773 - Using logger class org.apache.velocity.runtime.log.Log4JLogChute
2015-04-08 15:58:09,773 - Using logger class org.apache.velocity.runtime.log.Log4JLogChute
2015-04-08 15:58:09,773 - Using logger class org.apache.velocity.runtime.log.Log4JLogChute
2015-04-08 15:58:09,773 - Using logger class org.apache.velocity.runtime.log.Log4JLogChute
2015-04-08 15:58:09,773 - ResourceLoader instantiated: org.apache.velocity.runtime.resource.loader.FileResourceLoader
2015-04-08 15:58:09,773 - ResourceLoader instantiated: org.apache.velocity.runtime.resource.loader.FileResourceLoader
2015-04-08 15:58:09,773 - ResourceLoader instantiated: org.apache.velocity.runtime.resource.loader.FileResourceLoader
2015-04-08 15:58:09,773 - ResourceLoader instantiated: org.apache.velocity.runtime.resource.loader.FileResourceLoader
2015-04-08 15:58:09,773 - Do unicode file recognition:  false
2015-04-08 15:58:09,773 - Do unicode file recognition:  false
2015-04-08 15:58:09,773 - Do unicode file recognition:  false
2015-04-08 15:58:09,773 - Do unicode file recognition:  false
2015-04-08 15:58:09,773 - FileResourceLoader : adding path '/Users/herve/Projects/tch-rails2/tch-rails-core/target/test-classes'
2015-04-08 15:58:09,773 - FileResourceLoader : adding path '/Users/herve/Projects/tch-rails2/tch-rails-core/target/test-classes'
2015-04-08 15:58:09,773 - FileResourceLoader : adding path '/Users/herve/Projects/tch-rails2/tch-rails-core/target/test-classes'
2015-04-08 15:58:09,773 - FileResourceLoader : adding path '/Users/herve/Projects/tch-rails2/tch-rails-core/target/test-classes'
2015-04-08 15:58:09,773 - ResourceCache: initialized (class org.apache.velocity.runtime.resource.ResourceCacheImpl) with class java.util.Collections$SynchronizedMap cache map.
2015-04-08 15:58:09,773 - ResourceCache: initialized (class org.apache.velocity.runtime.resource.ResourceCacheImpl) with class java.util.Collections$SynchronizedMap cache map.
2015-04-08 15:58:09,773 - ResourceCache: initialized (class org.apache.velocity.runtime.resource.ResourceCacheImpl) with class java.util.Collections$SynchronizedMap cache map.
2015-04-08 15:58:09,773 - ResourceCache: initialized (class org.apache.velocity.runtime.resource.ResourceCacheImpl) with class java.util.Collections$SynchronizedMap cache map.
2015-04-08 15:58:09,774 - Loaded System Directive: org.apache.velocity.runtime.directive.Define
2015-04-08 15:58:09,774 - Loaded System Directive: org.apache.velocity.runtime.directive.Define
2015-04-08 15:58:09,774 - Loaded System Directive: org.apache.velocity.runtime.directive.Define
2015-04-08 15:58:09,774 - Loaded System Directive: org.apache.velocity.runtime.directive.Define
2015-04-08 15:58:09,774 - Loaded System Directive: org.apache.velocity.runtime.directive.Break
2015-04-08 15:58:09,774 - Loaded System Directive: org.apache.velocity.runtime.directive.Break
2015-04-08 15:58:09,774 - Loaded System Directive: org.apache.velocity.runtime.directive.Break
2015-04-08 15:58:09,774 - Loaded System Directive: org.apache.velocity.runtime.directive.Break
2015-04-08 15:58:09,774 - Loaded System Directive: org.apache.velocity.runtime.directive.Evaluate
2015-04-08 15:58:09,774 - Loaded System Directive: org.apache.velocity.runtime.directive.Evaluate
2015-04-08 15:58:09,774 - Loaded System Directive: org.apache.velocity.runtime.directive.Evaluate
2015-04-08 15:58:09,774 - Loaded System Directive: org.apache.velocity.runtime.directive.Evaluate
2015-04-08 15:58:09,774 - Loaded System Directive: org.apache.velocity.runtime.directive.Literal
2015-04-08 15:58:09,774 - Loaded System Directive: org.apache.velocity.runtime.directive.Literal
2015-04-08 15:58:09,774 - Loaded System Directive: org.apache.velocity.runtime.directive.Literal
2015-04-08 15:58:09,774 - Loaded System Directive: org.apache.velocity.runtime.directive.Literal
2015-04-08 15:58:09,774 - Loaded System Directive: org.apache.velocity.runtime.directive.Macro
2015-04-08 15:58:09,774 - Loaded System Directive: org.apache.velocity.runtime.directive.Macro
2015-04-08 15:58:09,774 - Loaded System Directive: org.apache.velocity.runtime.directive.Macro
2015-04-08 15:58:09,774 - Loaded System Directive: org.apache.velocity.runtime.directive.Macro
2015-04-08 15:58:09,774 - Loaded System Directive: org.apache.velocity.runtime.directive.Parse
2015-04-08 15:58:09,774 - Loaded System Directive: org.apache.velocity.runtime.directive.Parse
2015-04-08 15:58:09,774 - Loaded System Directive: org.apache.velocity.runtime.directive.Parse
2015-04-08 15:58:09,774 - Loaded System Directive: org.apache.velocity.runtime.directive.Parse
2015-04-08 15:58:09,774 - Loaded System Directive: org.apache.velocity.runtime.directive.Include
2015-04-08 15:58:09,774 - Loaded System Directive: org.apache.velocity.runtime.directive.Include
2015-04-08 15:58:09,774 - Loaded System Directive: org.apache.velocity.runtime.directive.Include
2015-04-08 15:58:09,774 - Loaded System Directive: org.apache.velocity.runtime.directive.Include
2015-04-08 15:58:09,774 - Loaded System Directive: org.apache.velocity.runtime.directive.Foreach
2015-04-08 15:58:09,774 - Loaded System Directive: org.apache.velocity.runtime.directive.Foreach
2015-04-08 15:58:09,774 - Loaded System Directive: org.apache.velocity.runtime.directive.Foreach
2015-04-08 15:58:09,774 - Loaded System Directive: org.apache.velocity.runtime.directive.Foreach
2015-04-08 15:58:09,774 - Velocity was not initialized! Calling init()...
2015-04-08 15:58:09,774 - Velocity was not initialized! Calling init()...
2015-04-08 15:58:09,774 - Velocity was not initialized! Calling init()...
2015-04-08 15:58:09,774 - Velocity was not initialized! Calling init()...
2015-04-08 15:58:09,775 - Velocity was not initialized! Calling init()...
2015-04-08 15:58:09,775 - Velocity was not initialized! Calling init()...
2015-04-08 15:58:09,775 - Velocity was not initialized! Calling init()...
2015-04-08 15:58:09,775 - Velocity was not initialized! Calling init()...
2015-04-08 15:58:09,775 - Velocity was not initialized! Calling init()...
2015-04-08 15:58:09,775 - Velocity was not initialized! Calling init()...
2015-04-08 15:58:09,775 - Velocity was not initialized! Calling init()...
2015-04-08 15:58:09,775 - Velocity was not initialized! Calling init()...
2015-04-08 15:58:09,775 - Velocity was not initialized! Calling init()...
2015-04-08 15:58:09,775 - Velocity was not initialized! Calling init()...
2015-04-08 15:58:09,775 - Velocity was not initialized! Calling init()...
2015-04-08 15:58:09,775 - Velocity was not initialized! Calling init()...
2015-04-08 15:58:09,776 - Velocity was not initialized! Calling init()...
2015-04-08 15:58:09,776 - Velocity was not initialized! Calling init()...
2015-04-08 15:58:09,776 - Velocity was not initialized! Calling init()...
2015-04-08 15:58:09,776 - Velocity was not initialized! Calling init()...
2015-04-08 15:58:09,776 - Velocity was not initialized! Calling init()...
2015-04-08 15:58:09,776 - Velocity was not initialized! Calling init()...
2015-04-08 15:58:09,776 - Velocity was not initialized! Calling init()...
2015-04-08 15:58:09,776 - Velocity was not initialized! Calling init()...
2015-04-08 15:58:09,776 - Velocity was not initialized! Calling init()...
2015-04-08 15:58:09,776 - Velocity was not initialized! Calling init()...
2015-04-08 15:58:09,776 - Velocity was not initialized! Calling init()...
2015-04-08 15:58:09,776 - Velocity was not initialized! Calling init()...
2015-04-08 15:58:09,777 - Velocity was not initialized! Calling init()...
2015-04-08 15:58:09,777 - Velocity was not initialized! Calling init()...
2015-04-08 15:58:09,777 - Velocity was not initialized! Calling init()...
2015-04-08 15:58:09,777 - Velocity was not initialized! Calling init()...
2015-04-08 15:58:09,777 - Velocity was not initialized! Calling init()...
2015-04-08 15:58:09,777 - Velocity was not initialized! Calling init()...
2015-04-08 15:58:09,777 - Velocity was not initialized! Calling init()...
2015-04-08 15:58:09,777 - Velocity was not initialized! Calling init()...
2015-04-08 15:58:09,777 - Velocity was not initialized! Calling init()...
2015-04-08 15:58:09,777 - Velocity was not initialized! Calling init()...
2015-04-08 15:58:09,777 - Velocity was not initialized! Calling init()...
2015-04-08 15:58:09,777 - Velocity was not initialized! Calling init()...
2015-04-08 15:58:09,777 - Velocity was not initialized! Calling init()...
2015-04-08 15:58:09,777 - Velocity was not initialized! Calling init()...
2015-04-08 15:58:09,777 - Velocity was not initialized! Calling init()...
2015-04-08 15:58:09,777 - Velocity was not initialized! Calling init()...
2015-04-08 15:58:09,777 - Velocity was not initialized! Calling init()...
2015-04-08 15:58:09,777 - Velocity was not initialized! Calling init()...
2015-04-08 15:58:09,777 - Velocity was not initialized! Calling init()...
2015-04-08 15:58:09,777 - Velocity was not initialized! Calling init()...
2015-04-08 15:58:09,778 - Velocity was not initialized! Calling init()...
2015-04-08 15:58:09,778 - Velocity was not initialized! Calling init()...
2015-04-08 15:58:09,778 - Velocity was not initialized! Calling init()...
2015-04-08 15:58:09,778 - Velocity was not initialized! Calling init()...
2015-04-08 15:58:09,778 - Velocity was not initialized! Calling init()...
2015-04-08 15:58:09,778 - Velocity was not initialized! Calling init()...
2015-04-08 15:58:09,778 - Velocity was not initialized! Calling init()...
2015-04-08 15:58:09,778 - Velocity was not initialized! Calling init()...
2015-04-08 15:58:09,778 - Velocity was not initialized! Calling init()...
2015-04-08 15:58:09,778 - Velocity was not initialized! Calling init()...
2015-04-08 15:58:09,778 - Velocity was not initialized! Calling init()...
2015-04-08 15:58:09,778 - Velocity was not initialized! Calling init()...
2015-04-08 15:58:09,778 - Velocity was not initialized! Calling init()...
2015-04-08 15:58:09,778 - Velocity was not initialized! Calling init()...
2015-04-08 15:58:09,778 - Velocity was not initialized! Calling init()...
2015-04-08 15:58:09,778 - Velocity was not initialized! Calling init()...
2015-04-08 15:58:09,778 - Velocity was not initialized! Calling init()...
2015-04-08 15:58:09,778 - Velocity was not initialized! Calling init()...
2015-04-08 15:58:09,778 - Velocity was not initialized! Calling init()...
2015-04-08 15:58:09,778 - Velocity was not initialized! Calling init()...
2015-04-08 15:58:09,778 - Velocity was not initialized! Calling init()...
2015-04-08 15:58:09,778 - Velocity was not initialized! Calling init()...
2015-04-08 15:58:09,778 - Velocity was not initialized! Calling init()...
2015-04-08 15:58:09,778 - Velocity was not initialized! Calling init()...
2015-04-08 15:58:09,778 - Velocity was not initialized! Calling init()...
2015-04-08 15:58:09,778 - Velocity was not initialized! Calling init()...
2015-04-08 15:58:09,778 - Velocity was not initialized! Calling init()...
2015-04-08 15:58:09,778 - Velocity was not initialized! Calling init()...
2015-04-08 15:58:09,778 - Velocity was not initialized! Calling init()...
2015-04-08 15:58:09,778 - Velocity was not initialized! Calling init()...
2015-04-08 15:58:09,778 - Velocity was not initialized! Calling init()...
2015-04-08 15:58:09,778 - Velocity was not initialized! Calling init()...
2015-04-08 15:58:09,779 - Created '20' parsers.
2015-04-08 15:58:09,779 - Created '20' parsers.
2015-04-08 15:58:09,779 - Created '20' parsers.
2015-04-08 15:58:09,779 - Created '20' parsers.
2015-04-08 15:58:09,779 - Velocimacro : "velocimacro.library" is not set.  Trying default library: VM_global_library.vm
2015-04-08 15:58:09,779 - Velocimacro : "velocimacro.library" is not set.  Trying default library: VM_global_library.vm
2015-04-08 15:58:09,779 - Velocimacro : "velocimacro.library" is not set.  Trying default library: VM_global_library.vm
2015-04-08 15:58:09,779 - Velocimacro : "velocimacro.library" is not set.  Trying default library: VM_global_library.vm
2015-04-08 15:58:09,779 - Velocity was not initialized! Calling init()...
2015-04-08 15:58:09,779 - Velocity was not initialized! Calling init()...
2015-04-08 15:58:09,779 - Velocity was not initialized! Calling init()...
2015-04-08 15:58:09,779 - Velocity was not initialized! Calling init()...
2015-04-08 15:58:09,779 - Velocimacro : Default library not found.
2015-04-08 15:58:09,779 - Velocimacro : Default library not found.
2015-04-08 15:58:09,779 - Velocimacro : Default library not found.
2015-04-08 15:58:09,779 - Velocimacro : Default library not found.
2015-04-08 15:58:09,779 - Velocimacro : allowInline = true : VMs can be defined inline in templates
2015-04-08 15:58:09,779 - Velocimacro : allowInline = true : VMs can be defined inline in templates
2015-04-08 15:58:09,779 - Velocimacro : allowInline = true : VMs can be defined inline in templates
2015-04-08 15:58:09,779 - Velocimacro : allowInline = true : VMs can be defined inline in templates
2015-04-08 15:58:09,779 - Velocimacro : allowInlineToOverride = false : VMs defined inline may NOT replace previous VM definitions
2015-04-08 15:58:09,779 - Velocimacro : allowInlineToOverride = false : VMs defined inline may NOT replace previous VM definitions
2015-04-08 15:58:09,779 - Velocimacro : allowInlineToOverride = false : VMs defined inline may NOT replace previous VM definitions
2015-04-08 15:58:09,779 - Velocimacro : allowInlineToOverride = false : VMs defined inline may NOT replace previous VM definitions
2015-04-08 15:58:09,779 - Velocimacro : allowInlineLocal = false : VMs defined inline will be global in scope if allowed.
2015-04-08 15:58:09,779 - Velocimacro : allowInlineLocal = false : VMs defined inline will be global in scope if allowed.
2015-04-08 15:58:09,779 - Velocimacro : allowInlineLocal = false : VMs defined inline will be global in scope if allowed.
2015-04-08 15:58:09,779 - Velocimacro : allowInlineLocal = false : VMs defined inline will be global in scope if allowed.
2015-04-08 15:58:09,779 - Velocimacro : autoload off : VM system will not automatically reload global library macros
2015-04-08 15:58:09,779 - Velocimacro : autoload off : VM system will not automatically reload global library macros
2015-04-08 15:58:09,779 - Velocimacro : autoload off : VM system will not automatically reload global library macros
2015-04-08 15:58:09,779 - Velocimacro : autoload off : VM system will not automatically reload global library macros
2015-04-08 15:58:09,788 - ResourceManager : found /view/test/hello.txt.vm with loader org.apache.velocity.runtime.resource.loader.FileResourceLoader
2015-04-08 15:58:09,788 - ResourceManager : found /view/test/hello.txt.vm with loader org.apache.velocity.runtime.resource.loader.FileResourceLoader
2015-04-08 15:58:09,788 - ResourceManager : found /view/test/hello.txt.vm with loader org.apache.velocity.runtime.resource.loader.FileResourceLoader
2015-04-08 15:58:09,788 - ResourceManager : found /view/test/hello.txt.vm with loader org.apache.velocity.runtime.resource.loader.FileResourceLoader
